<?xml version="1.0" encoding="UTF-8"?>
<!-- Generated by org.testng.reporters.JUnitXMLReporter -->
<testsuite hostname="Tushar_Goyal" ignored="0" name="NC Smoke Suite" tests="3" failures="0" timestamp="11 Sep 2018 10:57:27 GMT" time="80.948" errors="0">
  <testcase name="homeBase" time="12.665" classname="com.scripts.testCases.HomePage"/>
  <testcase name="SA_1696" time="15.437" classname="com.scripts.testCases.Login"/>
  <testcase name="Testcasedata" time="52.777" classname="com.scripts.testCases.Manage_Org_Page_TC"/>
</testsuite> <!-- NC Smoke Suite -->
