<?xml version="1.0" encoding="UTF-8"?>
<testng-results skipped="3" failed="4" ignored="0" total="15" passed="8">
  <reporter-output>
  </reporter-output>
  <suite name="NC Smoke Suite" duration-ms="4012099" started-at="2018-08-08T03:58:22Z" finished-at="2018-08-08T05:05:14Z">
    <groups>
    </groups>
    <test name="NC Smoke Suite" duration-ms="4012099" started-at="2018-08-08T03:58:22Z" finished-at="2018-08-08T05:05:14Z">
      <class name="com.scripts.regTestCases.DACandidateGrid">
        <test-method status="PASS" signature="configBeforeClass()[pri:0, instance:com.scripts.regTestCases.DACandidateGrid@1b68ddbd]" name="configBeforeClass" is-config="true" duration-ms="66080" started-at="2018-08-08T10:15:24Z" finished-at="2018-08-08T10:16:30Z">
          <reporter-output>
          </reporter-output>
        </test-method> <!-- configBeforeClass -->
        <test-method status="FAIL" signature="candidateProfileThroughCG()[pri:0, instance:com.scripts.regTestCases.DACandidateGrid@1b68ddbd]" name="candidateProfileThroughCG" duration-ms="107417" started-at="2018-08-08T10:16:30Z" finished-at="2018-08-08T10:18:18Z">
          <exception class="org.openqa.selenium.TimeoutException">
            <message>
              <![CDATA[Expected condition failed: waiting for com.scripts.lib.commonFunction.CommonUtills$1@2a7686a7 (tried for 30 second(s) with 2000 milliseconds interval)
Build info: version: '3.11.0', revision: 'e59cfb3', time: '2018-03-11T20:26:55.152Z'
System info: host: 'IQA-MAYANK', ip: '192.168.15.8', os.name: 'Windows 7', os.arch: 'amd64', os.version: '6.1', java.version: '1.8.0_171'
Driver info: driver.version: unknown]]>
            </message>
            <full-stacktrace>
              <![CDATA[org.openqa.selenium.TimeoutException: Expected condition failed: waiting for com.scripts.lib.commonFunction.CommonUtills$1@2a7686a7 (tried for 30 second(s) with 2000 milliseconds interval)
Build info: version: '3.11.0', revision: 'e59cfb3', time: '2018-03-11T20:26:55.152Z'
System info: host: 'IQA-MAYANK', ip: '192.168.15.8', os.name: 'Windows 7', os.arch: 'amd64', os.version: '6.1', java.version: '1.8.0_171'
Driver info: driver.version: unknown
	at org.openqa.selenium.support.ui.FluentWait.timeoutException(FluentWait.java:303)
	at org.openqa.selenium.support.ui.FluentWait.until(FluentWait.java:271)
	at com.scripts.lib.commonFunction.CommonUtills.waitForPageToLoadWithCond(CommonUtills.java:91)
	at com.scripts.businessLogic.CandidateGridBL.candidateProfileThroughCG(CandidateGridBL.java:153)
	at com.scripts.regTestCases.DACandidateGrid.candidateProfileThroughCG(DACandidateGrid.java:39)
	at sun.reflect.NativeMethodAccessorImpl.invoke0(Native Method)
	at sun.reflect.NativeMethodAccessorImpl.invoke(Unknown Source)
	at sun.reflect.DelegatingMethodAccessorImpl.invoke(Unknown Source)
	at java.lang.reflect.Method.invoke(Unknown Source)
	at org.testng.internal.MethodInvocationHelper.invokeMethod(MethodInvocationHelper.java:108)
	at org.testng.internal.Invoker.invokeMethod(Invoker.java:661)
	at org.testng.internal.Invoker.invokeTestMethod(Invoker.java:869)
	at org.testng.internal.Invoker.invokeTestMethods(Invoker.java:1193)
	at org.testng.internal.TestMethodWorker.invokeTestMethods(TestMethodWorker.java:126)
	at org.testng.internal.TestMethodWorker.run(TestMethodWorker.java:109)
	at org.testng.TestRunner.privateRun(TestRunner.java:744)
	at org.testng.TestRunner.run(TestRunner.java:602)
	at org.testng.SuiteRunner.runTest(SuiteRunner.java:380)
	at org.testng.SuiteRunner.runSequentially(SuiteRunner.java:375)
	at org.testng.SuiteRunner.privateRun(SuiteRunner.java:340)
	at org.testng.SuiteRunner.run(SuiteRunner.java:289)
	at org.testng.SuiteRunnerWorker.runSuite(SuiteRunnerWorker.java:52)
	at org.testng.SuiteRunnerWorker.run(SuiteRunnerWorker.java:86)
	at org.testng.TestNG.runSuitesSequentially(TestNG.java:1301)
	at org.testng.TestNG.runSuitesLocally(TestNG.java:1226)
	at org.testng.TestNG.runSuites(TestNG.java:1144)
	at org.testng.TestNG.run(TestNG.java:1115)
	at org.testng.remote.AbstractRemoteTestNG.run(AbstractRemoteTestNG.java:132)
	at org.testng.remote.RemoteTestNG.initAndRun(RemoteTestNG.java:230)
	at org.testng.remote.RemoteTestNG.main(RemoteTestNG.java:76)
]]>
            </full-stacktrace>
          </exception> <!-- org.openqa.selenium.TimeoutException -->
          <reporter-output>
          </reporter-output>
        </test-method> <!-- candidateProfileThroughCG -->
        <test-method status="PASS" signature="logout()[pri:0, instance:com.scripts.regTestCases.DACandidateGrid@1b68ddbd]" name="logout" is-config="true" duration-ms="33179" started-at="2018-08-08T10:18:18Z" finished-at="2018-08-08T10:18:51Z">
          <reporter-output>
          </reporter-output>
        </test-method> <!-- logout -->
      </class> <!-- com.scripts.regTestCases.DACandidateGrid -->
      <class name="com.scripts.regTestCases.JobApplication">
        <test-method status="PASS" signature="configBeforeClass()[pri:0, instance:com.scripts.regTestCases.JobApplication@2833cc44]" name="configBeforeClass" is-config="true" duration-ms="48564" started-at="2018-08-08T10:06:02Z" finished-at="2018-08-08T10:06:50Z">
          <reporter-output>
          </reporter-output>
        </test-method> <!-- configBeforeClass -->
        <test-method status="FAIL" signature="applyForJobOpps()[pri:0, instance:com.scripts.regTestCases.JobApplication@2833cc44]" name="applyForJobOpps" duration-ms="117252" started-at="2018-08-08T10:06:50Z" finished-at="2018-08-08T10:08:47Z">
          <exception class="org.openqa.selenium.TimeoutException">
            <message>
              <![CDATA[Expected condition failed: waiting for com.scripts.lib.commonFunction.CommonUtills$1@54a67a45 (tried for 30 second(s) with 2000 milliseconds interval)
Build info: version: '3.11.0', revision: 'e59cfb3', time: '2018-03-11T20:26:55.152Z'
System info: host: 'IQA-MAYANK', ip: '192.168.15.8', os.name: 'Windows 7', os.arch: 'amd64', os.version: '6.1', java.version: '1.8.0_171'
Driver info: driver.version: unknown]]>
            </message>
            <full-stacktrace>
              <![CDATA[org.openqa.selenium.TimeoutException: Expected condition failed: waiting for com.scripts.lib.commonFunction.CommonUtills$1@54a67a45 (tried for 30 second(s) with 2000 milliseconds interval)
Build info: version: '3.11.0', revision: 'e59cfb3', time: '2018-03-11T20:26:55.152Z'
System info: host: 'IQA-MAYANK', ip: '192.168.15.8', os.name: 'Windows 7', os.arch: 'amd64', os.version: '6.1', java.version: '1.8.0_171'
Driver info: driver.version: unknown
	at org.openqa.selenium.support.ui.FluentWait.timeoutException(FluentWait.java:303)
	at org.openqa.selenium.support.ui.FluentWait.until(FluentWait.java:271)
	at com.scripts.lib.commonFunction.CommonUtills.waitForPageToLoadWithCond(CommonUtills.java:91)
	at com.scripts.businessLogic.ApplyForJobsBL.applyJobByTitle(ApplyForJobsBL.java:85)
	at com.scripts.regTestCases.JobApplication.applyForJobOpps(JobApplication.java:40)
	at sun.reflect.NativeMethodAccessorImpl.invoke0(Native Method)
	at sun.reflect.NativeMethodAccessorImpl.invoke(Unknown Source)
	at sun.reflect.DelegatingMethodAccessorImpl.invoke(Unknown Source)
	at java.lang.reflect.Method.invoke(Unknown Source)
	at org.testng.internal.MethodInvocationHelper.invokeMethod(MethodInvocationHelper.java:108)
	at org.testng.internal.Invoker.invokeMethod(Invoker.java:661)
	at org.testng.internal.Invoker.invokeTestMethod(Invoker.java:869)
	at org.testng.internal.Invoker.invokeTestMethods(Invoker.java:1193)
	at org.testng.internal.TestMethodWorker.invokeTestMethods(TestMethodWorker.java:126)
	at org.testng.internal.TestMethodWorker.run(TestMethodWorker.java:109)
	at org.testng.TestRunner.privateRun(TestRunner.java:744)
	at org.testng.TestRunner.run(TestRunner.java:602)
	at org.testng.SuiteRunner.runTest(SuiteRunner.java:380)
	at org.testng.SuiteRunner.runSequentially(SuiteRunner.java:375)
	at org.testng.SuiteRunner.privateRun(SuiteRunner.java:340)
	at org.testng.SuiteRunner.run(SuiteRunner.java:289)
	at org.testng.SuiteRunnerWorker.runSuite(SuiteRunnerWorker.java:52)
	at org.testng.SuiteRunnerWorker.run(SuiteRunnerWorker.java:86)
	at org.testng.TestNG.runSuitesSequentially(TestNG.java:1301)
	at org.testng.TestNG.runSuitesLocally(TestNG.java:1226)
	at org.testng.TestNG.runSuites(TestNG.java:1144)
	at org.testng.TestNG.run(TestNG.java:1115)
	at org.testng.remote.AbstractRemoteTestNG.run(AbstractRemoteTestNG.java:132)
	at org.testng.remote.RemoteTestNG.initAndRun(RemoteTestNG.java:230)
	at org.testng.remote.RemoteTestNG.main(RemoteTestNG.java:76)
]]>
            </full-stacktrace>
          </exception> <!-- org.openqa.selenium.TimeoutException -->
          <reporter-output>
          </reporter-output>
        </test-method> <!-- applyForJobOpps -->
        <test-method status="PASS" signature="logout()[pri:0, instance:com.scripts.regTestCases.JobApplication@2833cc44]" name="logout" is-config="true" duration-ms="33262" started-at="2018-08-08T10:08:47Z" finished-at="2018-08-08T10:09:21Z">
          <reporter-output>
          </reporter-output>
        </test-method> <!-- logout -->
      </class> <!-- com.scripts.regTestCases.JobApplication -->
      <class name="com.scripts.regTestCases.TMImportJobs">
        <test-method status="PASS" signature="configClass()[pri:0, instance:com.scripts.regTestCases.TMImportJobs@2d8f65a4]" name="configClass" is-config="true" duration-ms="32088" started-at="2018-08-08T10:14:21Z" finished-at="2018-08-08T10:14:53Z">
          <reporter-output>
          </reporter-output>
        </test-method> <!-- configClass -->
        <test-method status="FAIL" signature="importJobs()[pri:0, instance:com.scripts.regTestCases.TMImportJobs@2d8f65a4]" name="importJobs" duration-ms="17" started-at="2018-08-08T10:14:53Z" finished-at="2018-08-08T10:14:53Z">
          <exception class="java.io.FileNotFoundException">
            <message>
              <![CDATA[C:\Users\mayank.parashar\git\ig-nc-smoke-automation-updated\src\test\resources\TPLTestDataSheet.xls (The system cannot find the file specified)]]>
            </message>
            <full-stacktrace>
              <![CDATA[java.io.FileNotFoundException: C:\Users\mayank.parashar\git\ig-nc-smoke-automation-updated\src\test\resources\TPLTestDataSheet.xls (The system cannot find the file specified)
	at java.io.FileInputStream.open0(Native Method)
	at java.io.FileInputStream.open(Unknown Source)
	at java.io.FileInputStream.<init>(Unknown Source)
	at java.io.FileInputStream.<init>(Unknown Source)
	at utils.load.dataSource.CopySheet.copySheet(CopySheet.java:18)
	at com.scripts.regTestCases.TMImportJobs.importJobs(TMImportJobs.java:65)
	at sun.reflect.NativeMethodAccessorImpl.invoke0(Native Method)
	at sun.reflect.NativeMethodAccessorImpl.invoke(Unknown Source)
	at sun.reflect.DelegatingMethodAccessorImpl.invoke(Unknown Source)
	at java.lang.reflect.Method.invoke(Unknown Source)
	at org.testng.internal.MethodInvocationHelper.invokeMethod(MethodInvocationHelper.java:108)
	at org.testng.internal.Invoker.invokeMethod(Invoker.java:661)
	at org.testng.internal.Invoker.invokeTestMethod(Invoker.java:869)
	at org.testng.internal.Invoker.invokeTestMethods(Invoker.java:1193)
	at org.testng.internal.TestMethodWorker.invokeTestMethods(TestMethodWorker.java:126)
	at org.testng.internal.TestMethodWorker.run(TestMethodWorker.java:109)
	at org.testng.TestRunner.privateRun(TestRunner.java:744)
	at org.testng.TestRunner.run(TestRunner.java:602)
	at org.testng.SuiteRunner.runTest(SuiteRunner.java:380)
	at org.testng.SuiteRunner.runSequentially(SuiteRunner.java:375)
	at org.testng.SuiteRunner.privateRun(SuiteRunner.java:340)
	at org.testng.SuiteRunner.run(SuiteRunner.java:289)
	at org.testng.SuiteRunnerWorker.runSuite(SuiteRunnerWorker.java:52)
	at org.testng.SuiteRunnerWorker.run(SuiteRunnerWorker.java:86)
	at org.testng.TestNG.runSuitesSequentially(TestNG.java:1301)
	at org.testng.TestNG.runSuitesLocally(TestNG.java:1226)
	at org.testng.TestNG.runSuites(TestNG.java:1144)
	at org.testng.TestNG.run(TestNG.java:1115)
	at org.testng.remote.AbstractRemoteTestNG.run(AbstractRemoteTestNG.java:132)
	at org.testng.remote.RemoteTestNG.initAndRun(RemoteTestNG.java:230)
	at org.testng.remote.RemoteTestNG.main(RemoteTestNG.java:76)
]]>
            </full-stacktrace>
          </exception> <!-- java.io.FileNotFoundException -->
          <reporter-output>
          </reporter-output>
        </test-method> <!-- importJobs -->
        <test-method status="PASS" signature="logout()[pri:0, instance:com.scripts.regTestCases.TMImportJobs@2d8f65a4]" name="logout" is-config="true" duration-ms="31435" started-at="2018-08-08T10:14:53Z" finished-at="2018-08-08T10:15:24Z">
          <reporter-output>
          </reporter-output>
        </test-method> <!-- logout -->
      </class> <!-- com.scripts.regTestCases.TMImportJobs -->
      <class name="com.scripts.regTestCases.CandidateDashboard">
        <test-method status="PASS" signature="configBeforeClass()[pri:0, instance:com.scripts.regTestCases.CandidateDashboard@4d41cee]" name="configBeforeClass" is-config="true" duration-ms="32013" started-at="2018-08-08T09:48:56Z" finished-at="2018-08-08T09:49:28Z">
          <reporter-output>
          </reporter-output>
        </test-method> <!-- configBeforeClass -->
        <test-method status="SKIP" signature="verifyPersonalPlanningRedirections()[pri:0, instance:com.scripts.regTestCases.CandidateDashboard@4d41cee]" name="verifyPersonalPlanningRedirections" duration-ms="422869" started-at="2018-08-08T09:49:28Z" finished-at="2018-08-08T09:56:31Z">
          <exception class="org.testng.SkipException">
            <full-stacktrace>
              <![CDATA[org.testng.SkipException: 
	at com.scripts.lib.commonFunction.CommonUtills.click(CommonUtills.java:496)
	at com.scripts.businessLogic.CandidateDashboardBL.navigateToDashboardPage(CandidateDashboardBL.java:35)
	at com.scripts.businessLogic.CandidateDashboardBL.verifySeeAllLinkJASection(CandidateDashboardBL.java:442)
	at com.scripts.businessLogic.CandidateDashboardBL.verifyJobApplicationSection(CandidateDashboardBL.java:287)
	at com.scripts.regTestCases.CandidateDashboard.verifyPersonalPlanningRedirections(CandidateDashboard.java:38)
	at sun.reflect.NativeMethodAccessorImpl.invoke0(Native Method)
	at sun.reflect.NativeMethodAccessorImpl.invoke(Unknown Source)
	at sun.reflect.DelegatingMethodAccessorImpl.invoke(Unknown Source)
	at java.lang.reflect.Method.invoke(Unknown Source)
	at org.testng.internal.MethodInvocationHelper.invokeMethod(MethodInvocationHelper.java:108)
	at org.testng.internal.Invoker.invokeMethod(Invoker.java:661)
	at org.testng.internal.Invoker.invokeTestMethod(Invoker.java:869)
	at org.testng.internal.Invoker.invokeTestMethods(Invoker.java:1193)
	at org.testng.internal.TestMethodWorker.invokeTestMethods(TestMethodWorker.java:126)
	at org.testng.internal.TestMethodWorker.run(TestMethodWorker.java:109)
	at org.testng.TestRunner.privateRun(TestRunner.java:744)
	at org.testng.TestRunner.run(TestRunner.java:602)
	at org.testng.SuiteRunner.runTest(SuiteRunner.java:380)
	at org.testng.SuiteRunner.runSequentially(SuiteRunner.java:375)
	at org.testng.SuiteRunner.privateRun(SuiteRunner.java:340)
	at org.testng.SuiteRunner.run(SuiteRunner.java:289)
	at org.testng.SuiteRunnerWorker.runSuite(SuiteRunnerWorker.java:52)
	at org.testng.SuiteRunnerWorker.run(SuiteRunnerWorker.java:86)
	at org.testng.TestNG.runSuitesSequentially(TestNG.java:1301)
	at org.testng.TestNG.runSuitesLocally(TestNG.java:1226)
	at org.testng.TestNG.runSuites(TestNG.java:1144)
	at org.testng.TestNG.run(TestNG.java:1115)
	at org.testng.remote.AbstractRemoteTestNG.run(AbstractRemoteTestNG.java:132)
	at org.testng.remote.RemoteTestNG.initAndRun(RemoteTestNG.java:230)
	at org.testng.remote.RemoteTestNG.main(RemoteTestNG.java:76)
]]>
            </full-stacktrace>
          </exception> <!-- org.testng.SkipException -->
          <reporter-output>
          </reporter-output>
        </test-method> <!-- verifyPersonalPlanningRedirections -->
        <test-method status="PASS" signature="logout()[pri:0, instance:com.scripts.regTestCases.CandidateDashboard@4d41cee]" name="logout" is-config="true" duration-ms="27799" started-at="2018-08-08T09:56:31Z" finished-at="2018-08-08T09:56:59Z">
          <reporter-output>
          </reporter-output>
        </test-method> <!-- logout -->
      </class> <!-- com.scripts.regTestCases.CandidateDashboard -->
      <class name="com.scripts.regTestCases.ManageUsersDA">
        <test-method status="PASS" signature="configBeforeClass()[pri:0, instance:com.scripts.regTestCases.ManageUsersDA@15d0c81b]" name="configBeforeClass" is-config="true" duration-ms="39149" started-at="2018-08-08T09:29:52Z" finished-at="2018-08-08T09:30:31Z">
          <reporter-output>
          </reporter-output>
        </test-method> <!-- configBeforeClass -->
        <test-method status="PASS" signature="verifyMandatoryFields()[pri:0, instance:com.scripts.regTestCases.ManageUsersDA@15d0c81b]" name="verifyMandatoryFields" duration-ms="372578" started-at="2018-08-08T09:30:31Z" finished-at="2018-08-08T09:36:44Z">
          <reporter-output>
          </reporter-output>
        </test-method> <!-- verifyMandatoryFields -->
        <test-method status="PASS" signature="logout()[pri:0, instance:com.scripts.regTestCases.ManageUsersDA@15d0c81b]" name="logout" is-config="true" duration-ms="26240" started-at="2018-08-08T09:36:44Z" finished-at="2018-08-08T09:37:10Z">
          <reporter-output>
          </reporter-output>
        </test-method> <!-- logout -->
      </class> <!-- com.scripts.regTestCases.ManageUsersDA -->
      <class name="com.scripts.regTestCases.DADistJobOrder">
        <test-method status="PASS" signature="configBeforeClass()[pri:0, instance:com.scripts.regTestCases.DADistJobOrder@4b1c1ea0]" name="configBeforeClass" is-config="true" duration-ms="29413" started-at="2018-08-08T09:41:46Z" finished-at="2018-08-08T09:42:15Z">
          <reporter-output>
          </reporter-output>
        </test-method> <!-- configBeforeClass -->
        <test-method status="PASS" signature="downloadEXCEL()[pri:0, instance:com.scripts.regTestCases.DADistJobOrder@4b1c1ea0]" name="downloadEXCEL" duration-ms="230848" started-at="2018-08-08T09:42:15Z" finished-at="2018-08-08T09:46:06Z">
          <reporter-output>
          </reporter-output>
        </test-method> <!-- downloadEXCEL -->
        <test-method status="PASS" signature="logout()[pri:0, instance:com.scripts.regTestCases.DADistJobOrder@4b1c1ea0]" name="logout" is-config="true" duration-ms="41754" started-at="2018-08-08T09:46:06Z" finished-at="2018-08-08T09:46:48Z">
          <reporter-output>
          </reporter-output>
        </test-method> <!-- logout -->
      </class> <!-- com.scripts.regTestCases.DADistJobOrder -->
      <class name="com.scripts.regTestCases.Login">
        <test-method status="PASS" signature="configBeforeClass()[pri:0, instance:com.scripts.regTestCases.Login@74650e52]" name="configBeforeClass" is-config="true" duration-ms="76" started-at="2018-08-08T09:28:52Z" finished-at="2018-08-08T09:28:52Z">
          <reporter-output>
          </reporter-output>
        </test-method> <!-- configBeforeClass -->
        <test-method status="PASS" signature="loginWithoutMandatoryFields()[pri:0, instance:com.scripts.regTestCases.Login@74650e52]" name="loginWithoutMandatoryFields" duration-ms="32208" started-at="2018-08-08T09:28:52Z" finished-at="2018-08-08T09:29:24Z">
          <reporter-output>
          </reporter-output>
        </test-method> <!-- loginWithoutMandatoryFields -->
        <test-method status="PASS" signature="logout()[pri:0, instance:com.scripts.regTestCases.Login@74650e52]" name="logout" is-config="true" duration-ms="27932" started-at="2018-08-08T09:29:24Z" finished-at="2018-08-08T09:29:52Z">
          <reporter-output>
          </reporter-output>
        </test-method> <!-- logout -->
      </class> <!-- com.scripts.regTestCases.Login -->
      <class name="com.scripts.regTestCases.TMImportUsers">
        <test-method status="PASS" signature="configClass()[pri:0, instance:com.scripts.regTestCases.TMImportUsers@27a8c74e]" name="configClass" is-config="true" duration-ms="38319" started-at="2018-08-08T10:11:23Z" finished-at="2018-08-08T10:12:01Z">
          <reporter-output>
          </reporter-output>
        </test-method> <!-- configClass -->
        <test-method status="FAIL" signature="importUsers()[pri:0, instance:com.scripts.regTestCases.TMImportUsers@27a8c74e]" name="importUsers" duration-ms="105742" started-at="2018-08-08T10:12:01Z" finished-at="2018-08-08T10:13:47Z">
          <exception class="org.openqa.selenium.TimeoutException">
            <message>
              <![CDATA[Expected condition failed: waiting for com.scripts.lib.commonFunction.CommonUtills$1@3c989952 (tried for 30 second(s) with 2000 milliseconds interval)
Build info: version: '3.11.0', revision: 'e59cfb3', time: '2018-03-11T20:26:55.152Z'
System info: host: 'IQA-MAYANK', ip: '192.168.15.8', os.name: 'Windows 7', os.arch: 'amd64', os.version: '6.1', java.version: '1.8.0_171'
Driver info: driver.version: unknown]]>
            </message>
            <full-stacktrace>
              <![CDATA[org.openqa.selenium.TimeoutException: Expected condition failed: waiting for com.scripts.lib.commonFunction.CommonUtills$1@3c989952 (tried for 30 second(s) with 2000 milliseconds interval)
Build info: version: '3.11.0', revision: 'e59cfb3', time: '2018-03-11T20:26:55.152Z'
System info: host: 'IQA-MAYANK', ip: '192.168.15.8', os.name: 'Windows 7', os.arch: 'amd64', os.version: '6.1', java.version: '1.8.0_171'
Driver info: driver.version: unknown
	at org.openqa.selenium.support.ui.FluentWait.timeoutException(FluentWait.java:303)
	at org.openqa.selenium.support.ui.FluentWait.until(FluentWait.java:271)
	at com.scripts.lib.commonFunction.CommonUtills.waitForPageToLoadWithCond(CommonUtills.java:91)
	at com.scripts.businessLogic.ImportUserBL.importUsers(ImportUserBL.java:44)
	at com.scripts.regTestCases.TMImportUsers.importUsers(TMImportUsers.java:54)
	at sun.reflect.NativeMethodAccessorImpl.invoke0(Native Method)
	at sun.reflect.NativeMethodAccessorImpl.invoke(Unknown Source)
	at sun.reflect.DelegatingMethodAccessorImpl.invoke(Unknown Source)
	at java.lang.reflect.Method.invoke(Unknown Source)
	at org.testng.internal.MethodInvocationHelper.invokeMethod(MethodInvocationHelper.java:108)
	at org.testng.internal.Invoker.invokeMethod(Invoker.java:661)
	at org.testng.internal.Invoker.invokeTestMethod(Invoker.java:869)
	at org.testng.internal.Invoker.invokeTestMethods(Invoker.java:1193)
	at org.testng.internal.TestMethodWorker.invokeTestMethods(TestMethodWorker.java:126)
	at org.testng.internal.TestMethodWorker.run(TestMethodWorker.java:109)
	at org.testng.TestRunner.privateRun(TestRunner.java:744)
	at org.testng.TestRunner.run(TestRunner.java:602)
	at org.testng.SuiteRunner.runTest(SuiteRunner.java:380)
	at org.testng.SuiteRunner.runSequentially(SuiteRunner.java:375)
	at org.testng.SuiteRunner.privateRun(SuiteRunner.java:340)
	at org.testng.SuiteRunner.run(SuiteRunner.java:289)
	at org.testng.SuiteRunnerWorker.runSuite(SuiteRunnerWorker.java:52)
	at org.testng.SuiteRunnerWorker.run(SuiteRunnerWorker.java:86)
	at org.testng.TestNG.runSuitesSequentially(TestNG.java:1301)
	at org.testng.TestNG.runSuitesLocally(TestNG.java:1226)
	at org.testng.TestNG.runSuites(TestNG.java:1144)
	at org.testng.TestNG.run(TestNG.java:1115)
	at org.testng.remote.AbstractRemoteTestNG.run(AbstractRemoteTestNG.java:132)
	at org.testng.remote.RemoteTestNG.initAndRun(RemoteTestNG.java:230)
	at org.testng.remote.RemoteTestNG.main(RemoteTestNG.java:76)
]]>
            </full-stacktrace>
          </exception> <!-- org.openqa.selenium.TimeoutException -->
          <reporter-output>
          </reporter-output>
        </test-method> <!-- importUsers -->
        <test-method status="PASS" signature="logout()[pri:0, instance:com.scripts.regTestCases.TMImportUsers@27a8c74e]" name="logout" is-config="true" duration-ms="33885" started-at="2018-08-08T10:13:47Z" finished-at="2018-08-08T10:14:21Z">
          <reporter-output>
          </reporter-output>
        </test-method> <!-- logout -->
      </class> <!-- com.scripts.regTestCases.TMImportUsers -->
      <class name="com.scripts.regTestCases.DAManageDistrictAccountInformation">
        <test-method status="PASS" signature="configBeforeClass()[pri:0, instance:com.scripts.regTestCases.DAManageDistrictAccountInformation@646d64ab]" name="configBeforeClass" is-config="true" duration-ms="7" started-at="2018-08-08T10:18:51Z" finished-at="2018-08-08T10:18:51Z">
          <reporter-output>
          </reporter-output>
        </test-method> <!-- configBeforeClass -->
        <test-method status="PASS" signature="login()[pri:0, instance:com.scripts.regTestCases.DAManageDistrictAccountInformation@646d64ab]" name="login" duration-ms="349276" started-at="2018-08-08T10:18:51Z" finished-at="2018-08-08T10:24:40Z">
          <reporter-output>
          </reporter-output>
        </test-method> <!-- login -->
        <test-method status="PASS" signature="logout()[pri:0, instance:com.scripts.regTestCases.DAManageDistrictAccountInformation@646d64ab]" name="logout" is-config="true" duration-ms="29162" started-at="2018-08-08T10:24:40Z" finished-at="2018-08-08T10:25:09Z">
          <reporter-output>
          </reporter-output>
        </test-method> <!-- logout -->
      </class> <!-- com.scripts.regTestCases.DAManageDistrictAccountInformation -->
      <class name="com.scripts.regTestCases.TMDistJobOrder">
        <test-method status="PASS" signature="configBeforeClass()[pri:0, instance:com.scripts.regTestCases.TMDistJobOrder@6acdbdf5]" name="configBeforeClass" is-config="true" duration-ms="28311" started-at="2018-08-08T09:37:10Z" finished-at="2018-08-08T09:37:38Z">
          <reporter-output>
          </reporter-output>
        </test-method> <!-- configBeforeClass -->
        <test-method status="PASS" signature="createJobWithPostingEndDate()[pri:0, instance:com.scripts.regTestCases.TMDistJobOrder@6acdbdf5]" name="createJobWithPostingEndDate" duration-ms="221358" started-at="2018-08-08T09:37:38Z" finished-at="2018-08-08T09:41:20Z">
          <reporter-output>
          </reporter-output>
        </test-method> <!-- createJobWithPostingEndDate -->
        <test-method status="PASS" signature="logout()[pri:0, instance:com.scripts.regTestCases.TMDistJobOrder@6acdbdf5]" name="logout" is-config="true" duration-ms="26399" started-at="2018-08-08T09:41:20Z" finished-at="2018-08-08T09:41:46Z">
          <reporter-output>
          </reporter-output>
        </test-method> <!-- logout -->
      </class> <!-- com.scripts.regTestCases.TMDistJobOrder -->
      <class name="com.scripts.regTestCases.TMManageDistrictAccountInformation">
        <test-method status="PASS" signature="configBeforeClass()[pri:0, instance:com.scripts.regTestCases.TMManageDistrictAccountInformation@59e5ddf]" name="configBeforeClass" is-config="true" duration-ms="5" started-at="2018-08-08T10:25:09Z" finished-at="2018-08-08T10:25:09Z">
          <reporter-output>
          </reporter-output>
        </test-method> <!-- configBeforeClass -->
        <test-method status="PASS" signature="login()[pri:0, instance:com.scripts.regTestCases.TMManageDistrictAccountInformation@59e5ddf]" name="login" duration-ms="577624" started-at="2018-08-08T10:25:09Z" finished-at="2018-08-08T10:34:47Z">
          <reporter-output>
          </reporter-output>
        </test-method> <!-- login -->
        <test-method status="PASS" signature="logout()[pri:0, instance:com.scripts.regTestCases.TMManageDistrictAccountInformation@59e5ddf]" name="logout" is-config="true" duration-ms="26973" started-at="2018-08-08T10:34:47Z" finished-at="2018-08-08T10:35:14Z">
          <reporter-output>
          </reporter-output>
        </test-method> <!-- logout -->
      </class> <!-- com.scripts.regTestCases.TMManageDistrictAccountInformation -->
      <class name="com.scripts.regTestCases.CandidatePortfolio">
        <test-method status="PASS" signature="configBeforeClass()[pri:0, instance:com.scripts.regTestCases.CandidatePortfolio@3712b94]" name="configBeforeClass" is-config="true" duration-ms="32375" started-at="2018-08-08T09:56:59Z" finished-at="2018-08-08T09:57:31Z">
          <reporter-output>
          </reporter-output>
        </test-method> <!-- configBeforeClass -->
        <test-method status="SKIP" signature="personalInfo()[pri:0, instance:com.scripts.regTestCases.CandidatePortfolio@3712b94]" name="personalInfo" duration-ms="473290" started-at="2018-08-08T09:57:31Z" finished-at="2018-08-08T10:05:25Z">
          <exception class="org.testng.SkipException">
            <full-stacktrace>
              <![CDATA[org.testng.SkipException: 
	at com.scripts.lib.commonFunction.CommonUtills.click(CommonUtills.java:496)
	at com.scripts.businessLogic.CandidatePortfolioBL.experiences(CandidatePortfolioBL.java:341)
	at com.scripts.regTestCases.CandidatePortfolio.personalInfo(CandidatePortfolio.java:117)
	at sun.reflect.NativeMethodAccessorImpl.invoke0(Native Method)
	at sun.reflect.NativeMethodAccessorImpl.invoke(Unknown Source)
	at sun.reflect.DelegatingMethodAccessorImpl.invoke(Unknown Source)
	at java.lang.reflect.Method.invoke(Unknown Source)
	at org.testng.internal.MethodInvocationHelper.invokeMethod(MethodInvocationHelper.java:108)
	at org.testng.internal.Invoker.invokeMethod(Invoker.java:661)
	at org.testng.internal.Invoker.invokeTestMethod(Invoker.java:869)
	at org.testng.internal.Invoker.invokeTestMethods(Invoker.java:1193)
	at org.testng.internal.TestMethodWorker.invokeTestMethods(TestMethodWorker.java:126)
	at org.testng.internal.TestMethodWorker.run(TestMethodWorker.java:109)
	at org.testng.TestRunner.privateRun(TestRunner.java:744)
	at org.testng.TestRunner.run(TestRunner.java:602)
	at org.testng.SuiteRunner.runTest(SuiteRunner.java:380)
	at org.testng.SuiteRunner.runSequentially(SuiteRunner.java:375)
	at org.testng.SuiteRunner.privateRun(SuiteRunner.java:340)
	at org.testng.SuiteRunner.run(SuiteRunner.java:289)
	at org.testng.SuiteRunnerWorker.runSuite(SuiteRunnerWorker.java:52)
	at org.testng.SuiteRunnerWorker.run(SuiteRunnerWorker.java:86)
	at org.testng.TestNG.runSuitesSequentially(TestNG.java:1301)
	at org.testng.TestNG.runSuitesLocally(TestNG.java:1226)
	at org.testng.TestNG.runSuites(TestNG.java:1144)
	at org.testng.TestNG.run(TestNG.java:1115)
	at org.testng.remote.AbstractRemoteTestNG.run(AbstractRemoteTestNG.java:132)
	at org.testng.remote.RemoteTestNG.initAndRun(RemoteTestNG.java:230)
	at org.testng.remote.RemoteTestNG.main(RemoteTestNG.java:76)
]]>
            </full-stacktrace>
          </exception> <!-- org.testng.SkipException -->
          <reporter-output>
          </reporter-output>
        </test-method> <!-- personalInfo -->
        <test-method status="PASS" signature="logout()[pri:0, instance:com.scripts.regTestCases.CandidatePortfolio@3712b94]" name="logout" is-config="true" duration-ms="36980" started-at="2018-08-08T10:05:25Z" finished-at="2018-08-08T10:06:02Z">
          <reporter-output>
          </reporter-output>
        </test-method> <!-- logout -->
      </class> <!-- com.scripts.regTestCases.CandidatePortfolio -->
      <class name="com.scripts.regTestCases.TMImportCandidates">
        <test-method status="PASS" signature="configClass()[pri:0, instance:com.scripts.regTestCases.TMImportCandidates@33f88ab]" name="configClass" is-config="true" duration-ms="44665" started-at="2018-08-08T10:09:21Z" finished-at="2018-08-08T10:10:05Z">
          <reporter-output>
          </reporter-output>
        </test-method> <!-- configClass -->
        <test-method status="SKIP" signature="importCandidates()[pri:0, instance:com.scripts.regTestCases.TMImportCandidates@33f88ab]" name="importCandidates" duration-ms="56942" started-at="2018-08-08T10:10:05Z" finished-at="2018-08-08T10:11:02Z">
          <exception class="org.testng.SkipException">
            <full-stacktrace>
              <![CDATA[org.testng.SkipException: 
	at com.scripts.lib.commonFunction.CommonUtills.click(CommonUtills.java:496)
	at com.scripts.businessLogic.ImportCandidatesBL.importCandidates(ImportCandidatesBL.java:62)
	at com.scripts.regTestCases.TMImportCandidates.importCandidates(TMImportCandidates.java:74)
	at sun.reflect.NativeMethodAccessorImpl.invoke0(Native Method)
	at sun.reflect.NativeMethodAccessorImpl.invoke(Unknown Source)
	at sun.reflect.DelegatingMethodAccessorImpl.invoke(Unknown Source)
	at java.lang.reflect.Method.invoke(Unknown Source)
	at org.testng.internal.MethodInvocationHelper.invokeMethod(MethodInvocationHelper.java:108)
	at org.testng.internal.Invoker.invokeMethod(Invoker.java:661)
	at org.testng.internal.Invoker.invokeTestMethod(Invoker.java:869)
	at org.testng.internal.Invoker.invokeTestMethods(Invoker.java:1193)
	at org.testng.internal.TestMethodWorker.invokeTestMethods(TestMethodWorker.java:126)
	at org.testng.internal.TestMethodWorker.run(TestMethodWorker.java:109)
	at org.testng.TestRunner.privateRun(TestRunner.java:744)
	at org.testng.TestRunner.run(TestRunner.java:602)
	at org.testng.SuiteRunner.runTest(SuiteRunner.java:380)
	at org.testng.SuiteRunner.runSequentially(SuiteRunner.java:375)
	at org.testng.SuiteRunner.privateRun(SuiteRunner.java:340)
	at org.testng.SuiteRunner.run(SuiteRunner.java:289)
	at org.testng.SuiteRunnerWorker.runSuite(SuiteRunnerWorker.java:52)
	at org.testng.SuiteRunnerWorker.run(SuiteRunnerWorker.java:86)
	at org.testng.TestNG.runSuitesSequentially(TestNG.java:1301)
	at org.testng.TestNG.runSuitesLocally(TestNG.java:1226)
	at org.testng.TestNG.runSuites(TestNG.java:1144)
	at org.testng.TestNG.run(TestNG.java:1115)
	at org.testng.remote.AbstractRemoteTestNG.run(AbstractRemoteTestNG.java:132)
	at org.testng.remote.RemoteTestNG.initAndRun(RemoteTestNG.java:230)
	at org.testng.remote.RemoteTestNG.main(RemoteTestNG.java:76)
]]>
            </full-stacktrace>
          </exception> <!-- org.testng.SkipException -->
          <reporter-output>
          </reporter-output>
        </test-method> <!-- importCandidates -->
        <test-method status="SKIP" signature="logout()[pri:0, instance:com.scripts.regTestCases.TMImportCandidates@33f88ab]" name="logout" is-config="true" duration-ms="20194" started-at="2018-08-08T10:11:02Z" finished-at="2018-08-08T10:11:23Z">
          <exception class="org.testng.SkipException">
            <full-stacktrace>
              <![CDATA[org.testng.SkipException: 
	at com.scripts.lib.commonFunction.CommonUtills.click(CommonUtills.java:496)
	at com.scripts.businessLogic.LoginBL.logout(LoginBL.java:251)
	at com.scripts.regTestCases.TMImportCandidates.logout(TMImportCandidates.java:79)
	at sun.reflect.NativeMethodAccessorImpl.invoke0(Native Method)
	at sun.reflect.NativeMethodAccessorImpl.invoke(Unknown Source)
	at sun.reflect.DelegatingMethodAccessorImpl.invoke(Unknown Source)
	at java.lang.reflect.Method.invoke(Unknown Source)
	at org.testng.internal.MethodInvocationHelper.invokeMethod(MethodInvocationHelper.java:108)
	at org.testng.internal.Invoker.invokeConfigurationMethod(Invoker.java:523)
	at org.testng.internal.Invoker.invokeConfigurations(Invoker.java:224)
	at org.testng.internal.Invoker.invokeConfigurations(Invoker.java:146)
	at org.testng.internal.TestMethodWorker.invokeAfterClassMethods(TestMethodWorker.java:212)
	at org.testng.internal.TestMethodWorker.run(TestMethodWorker.java:112)
	at org.testng.TestRunner.privateRun(TestRunner.java:744)
	at org.testng.TestRunner.run(TestRunner.java:602)
	at org.testng.SuiteRunner.runTest(SuiteRunner.java:380)
	at org.testng.SuiteRunner.runSequentially(SuiteRunner.java:375)
	at org.testng.SuiteRunner.privateRun(SuiteRunner.java:340)
	at org.testng.SuiteRunner.run(SuiteRunner.java:289)
	at org.testng.SuiteRunnerWorker.runSuite(SuiteRunnerWorker.java:52)
	at org.testng.SuiteRunnerWorker.run(SuiteRunnerWorker.java:86)
	at org.testng.TestNG.runSuitesSequentially(TestNG.java:1301)
	at org.testng.TestNG.runSuitesLocally(TestNG.java:1226)
	at org.testng.TestNG.runSuites(TestNG.java:1144)
	at org.testng.TestNG.run(TestNG.java:1115)
	at org.testng.remote.AbstractRemoteTestNG.run(AbstractRemoteTestNG.java:132)
	at org.testng.remote.RemoteTestNG.initAndRun(RemoteTestNG.java:230)
	at org.testng.remote.RemoteTestNG.main(RemoteTestNG.java:76)
]]>
            </full-stacktrace>
          </exception> <!-- org.testng.SkipException -->
          <reporter-output>
          </reporter-output>
        </test-method> <!-- logout -->
      </class> <!-- com.scripts.regTestCases.TMImportCandidates -->
      <class name="com.scripts.regTestCases.JobPreferences">
        <test-method status="PASS" signature="configBeforeClass()[pri:0, instance:com.scripts.regTestCases.JobPreferences@17579e0f]" name="configBeforeClass" is-config="true" duration-ms="62077" started-at="2018-08-08T09:46:48Z" finished-at="2018-08-08T09:47:50Z">
          <reporter-output>
          </reporter-output>
        </test-method> <!-- configBeforeClass -->
        <test-method status="PASS" signature="setJobPreferences()[pri:0, instance:com.scripts.regTestCases.JobPreferences@17579e0f]" name="setJobPreferences" duration-ms="36403" started-at="2018-08-08T09:47:50Z" finished-at="2018-08-08T09:48:26Z">
          <reporter-output>
          </reporter-output>
        </test-method> <!-- setJobPreferences -->
        <test-method status="PASS" signature="logout()[pri:0, instance:com.scripts.regTestCases.JobPreferences@17579e0f]" name="logout" is-config="true" duration-ms="29936" started-at="2018-08-08T09:48:26Z" finished-at="2018-08-08T09:48:56Z">
          <reporter-output>
          </reporter-output>
        </test-method> <!-- logout -->
      </class> <!-- com.scripts.regTestCases.JobPreferences -->
      <class name="com.scripts.regTestCases.HomePage">
        <test-method status="PASS" signature="homeBase()[pri:0, instance:com.scripts.regTestCases.HomePage@1786dec2]" name="homeBase" duration-ms="29955" started-at="2018-08-08T09:28:22Z" finished-at="2018-08-08T09:28:52Z">
          <reporter-output>
          </reporter-output>
        </test-method> <!-- homeBase -->
        <test-method status="PASS" signature="closeBrowser()[pri:0, instance:com.scripts.regTestCases.HomePage@1786dec2]" name="closeBrowser" is-config="true" duration-ms="645" started-at="2018-08-08T10:35:14Z" finished-at="2018-08-08T10:35:14Z">
          <reporter-output>
          </reporter-output>
        </test-method> <!-- closeBrowser -->
      </class> <!-- com.scripts.regTestCases.HomePage -->
    </test> <!-- NC Smoke Suite -->
  </suite> <!-- NC Smoke Suite -->
</testng-results>
